app/build/outputs/logs/manifest-merger-debug-report.txt
-- Merging decision tree log ---
manifest
ADDED from src/main/AndroidManifest.xml:2:1-104:12
	package
		ADDED from src/main/AndroidManifest.xml:3:11-35
		INJECTED from src/main/AndroidManifest.xml
		INJECTED from src/main/AndroidManifest.xml
	android:versionName
		INJECTED from src/main/AndroidManifest.xml
		INJECTED from src/main/AndroidManifest.xml
	xmlns:android
		ADDED from src/main/AndroidManifest.xml:2:11-69
	android:versionCode
		INJECTED from src/main/AndroidManifest.xml
		INJECTED from src/main/AndroidManifest.xml
uses-permission#android.permission.WRITE_EXTERNAL_STORAGE
ADDED from src/main/AndroidManifest.xml:5:5-80
	android:name
		ADDED from src/main/AndroidManifest.xml:5:22-78
uses-permission#android.permission.INTERNET
ADDED from src/main/AndroidManifest.xml:6:5-67
	android:name
		ADDED from src/main/AndroidManifest.xml:6:22-64
uses-permission#android.permission.ACCESS_NETWORK_STATE
ADDED from src/main/AndroidManifest.xml:7:5-79
	android:name
		ADDED from src/main/AndroidManifest.xml:7:22-76
uses-permission#android.permission.ACCESS_COARSE_LOCATION
ADDED from src/main/AndroidManifest.xml:8:5-81
	android:name
		ADDED from src/main/AndroidManifest.xml:8:22-78
uses-permission#android.permission.ACCESS_FINE_LOCATION
ADDED from src/main/AndroidManifest.xml:9:5-79
	android:name
		ADDED from src/main/AndroidManifest.xml:9:22-76
uses-permission#android.permission.BLUETOOTH
ADDED from src/main/AndroidManifest.xml:10:5-68
MERGED from [org.altbeacon:android-beacon-library:2.8.1] AndroidManifest.xml:11:5-68
	android:name
		ADDED from src/main/AndroidManifest.xml:10:22-65
application
ADDED from src/main/AndroidManifest.xml:12:5-102:19
MERGED from [com.android.support:appcompat-v7:23.3.0] AndroidManifest.xml:25:5-20
MERGED from [com.android.support:support-vector-drawable:23.3.0] AndroidManifest.xml:7:5-20
MERGED from [com.android.support:support-v4:23.3.0] AndroidManifest.xml:22:5-20
MERGED from [com.android.support:animated-vector-drawable:23.3.0] AndroidManifest.xml:7:5-20
MERGED from [com.android.support:support-vector-drawable:23.3.0] AndroidManifest.xml:7:5-20
MERGED from [com.android.support:support-v4:23.3.0] AndroidManifest.xml:22:5-20
MERGED from [com.android.support:support-v4:23.3.0] AndroidManifest.xml:22:5-20
MERGED from [com.android.support:design:23.3.0] AndroidManifest.xml:22:5-20
MERGED from [com.android.support:appcompat-v7:23.3.0] AndroidManifest.xml:25:5-20
MERGED from [com.android.support:support-vector-drawable:23.3.0] AndroidManifest.xml:7:5-20
MERGED from [com.android.support:support-v4:23.3.0] AndroidManifest.xml:22:5-20
MERGED from [com.android.support:animated-vector-drawable:23.3.0] AndroidManifest.xml:7:5-20
MERGED from [com.android.support:support-vector-drawable:23.3.0] AndroidManifest.xml:7:5-20
MERGED from [com.android.support:support-v4:23.3.0] AndroidManifest.xml:22:5-20
MERGED from [com.android.support:support-v4:23.3.0] AndroidManifest.xml:22:5-20
MERGED from [com.android.support:support-v4:23.3.0] AndroidManifest.xml:22:5-20
MERGED from [com.android.support:support-v4:23.3.0] AndroidManifest.xml:22:5-20
MERGED from [com.android.support:support-v4:23.3.0] AndroidManifest.xml:22:5-20
MERGED from [org.altbeacon:android-beacon-library:2.8.1] AndroidManifest.xml:17:5-36:19
	android:label
		ADDED from src/main/AndroidManifest.xml:16:13-45
	android:supportsRtl
		ADDED from src/main/AndroidManifest.xml:17:13-39
	android:allowBackup
		ADDED from src/main/AndroidManifest.xml:14:13-39
	android:icon
		ADDED from src/main/AndroidManifest.xml:15:13-47
	android:theme
		ADDED from src/main/AndroidManifest.xml:18:13-44
	android:name
		ADDED from src/main/AndroidManifest.xml:13:13-52
service#com.leaf.clips.model.beacon.BeaconManagerAdapter
ADDED from src/main/AndroidManifest.xml:19:9-69
	android:name
		ADDED from src/main/AndroidManifest.xml:19:18-67
activity#com.leaf.clips.presenter.MainActivity
ADDED from src/main/AndroidManifest.xml:21:9-29:20
	android:theme
		ADDED from src/main/AndroidManifest.xml:23:17-51
	android:name
		ADDED from src/main/AndroidManifest.xml:22:17-55
intent-filter#android.intent.action.MAIN+android.intent.category.LAUNCHER
ADDED from src/main/AndroidManifest.xml:24:13-28:29
action#android.intent.action.MAIN
ADDED from src/main/AndroidManifest.xml:25:17-68
	android:name
		ADDED from src/main/AndroidManifest.xml:25:25-66
category#android.intent.category.LAUNCHER
ADDED from src/main/AndroidManifest.xml:27:17-76
	android:name
		ADDED from src/main/AndroidManifest.xml:27:27-74
activity#com.leaf.clips.presenter.HomeActivity
ADDED from src/main/AndroidManifest.xml:30:9-37:20
	android:windowSoftInputMode
		ADDED from src/main/AndroidManifest.xml:33:17-68
	android:theme
		ADDED from src/main/AndroidManifest.xml:32:17-60
	android:name
		ADDED from src/main/AndroidManifest.xml:31:17-55
meta-data#android.app.default_searchable
ADDED from src/main/AndroidManifest.xml:34:13-36:68
	android:value
		ADDED from src/main/AndroidManifest.xml:36:21-66
	android:name
		ADDED from src/main/AndroidManifest.xml:35:21-66
activity#com.leaf.clips.presenter.MainDeveloperPresenter
ADDED from src/main/AndroidManifest.xml:38:9-39:20
	android:name
		ADDED from src/main/AndroidManifest.xml:38:19-67
activity#com.leaf.clips.presenter.DeveloperUnlockerActivity
ADDED from src/main/AndroidManifest.xml:40:9-44:20
	android:label
		ADDED from src/main/AndroidManifest.xml:42:17-74
	android:parentActivityName
		ADDED from src/main/AndroidManifest.xml:43:17-69
	android:name
		ADDED from src/main/AndroidManifest.xml:41:17-68
activity#com.leaf.clips.presenter.MainDeveloperActivity
ADDED from src/main/AndroidManifest.xml:45:9-53:20
	android:label
		ADDED from src/main/AndroidManifest.xml:47:17-70
	android:parentActivityName
		ADDED from src/main/AndroidManifest.xml:48:17-69
	android:theme
		ADDED from src/main/AndroidManifest.xml:49:17-60
	android:name
		ADDED from src/main/AndroidManifest.xml:46:17-64
meta-data#android.support.PARENT_ACTIVITY
ADDED from src/main/AndroidManifest.xml:50:13-52:76
	android:value
		ADDED from src/main/AndroidManifest.xml:52:21-74
	android:name
		ADDED from src/main/AndroidManifest.xml:51:21-67
activity#com.leaf.clips.presenter.LoggingActivity
ADDED from src/main/AndroidManifest.xml:54:9-62:20
	android:label
		ADDED from src/main/AndroidManifest.xml:56:17-63
	android:parentActivityName
		ADDED from src/main/AndroidManifest.xml:57:17-78
	android:theme
		ADDED from src/main/AndroidManifest.xml:58:17-60
	android:name
		ADDED from src/main/AndroidManifest.xml:55:17-58
activity#com.leaf.clips.presenter.PoiCategoryActivity
ADDED from src/main/AndroidManifest.xml:63:9-67:20
	android:name
		ADDED from src/main/AndroidManifest.xml:63:19-64
activity#com.leaf.clips.presenter.NearbyPoiActivity
ADDED from src/main/AndroidManifest.xml:68:9-72:20
	android:label
		ADDED from src/main/AndroidManifest.xml:70:17-66
	android:parentActivityName
		ADDED from src/main/AndroidManifest.xml:71:17-69
	android:name
		ADDED from src/main/AndroidManifest.xml:69:17-60
activity#com.leaf.clips.presenter.LogInformationActivity
ADDED from src/main/AndroidManifest.xml:73:9-81:20
	android:label
		ADDED from src/main/AndroidManifest.xml:75:17-71
	android:parentActivityName
		ADDED from src/main/AndroidManifest.xml:76:17-72
	android:theme
		ADDED from src/main/AndroidManifest.xml:77:17-60
	android:name
		ADDED from src/main/AndroidManifest.xml:74:17-65
activity#com.leaf.clips.presenter.NavigationActivity
ADDED from src/main/AndroidManifest.xml:82:9-99:20
	android:label
		ADDED from src/main/AndroidManifest.xml:84:17-66
	android:name
		ADDED from src/main/AndroidManifest.xml:83:17-61
intent-filter#android.intent.action.SEARCH+android.intent.category.DEFAULT
ADDED from src/main/AndroidManifest.xml:87:13-91:29
action#android.intent.action.SEARCH
ADDED from src/main/AndroidManifest.xml:88:17-70
	android:name
		ADDED from src/main/AndroidManifest.xml:88:25-68
category#android.intent.category.DEFAULT
ADDED from src/main/AndroidManifest.xml:90:17-75
	android:name
		ADDED from src/main/AndroidManifest.xml:90:27-73
meta-data#android.app.searchable
ADDED from src/main/AndroidManifest.xml:96:13-98:57
	android:resource
		ADDED from src/main/AndroidManifest.xml:98:21-55
	android:name
		ADDED from src/main/AndroidManifest.xml:97:21-58
activity#com.leaf.clips.presenter.DetailedInformationActivity
ADDED from src/main/AndroidManifest.xml:100:9-101:20
	android:name
		ADDED from src/main/AndroidManifest.xml:100:19-72
uses-sdk
INJECTED from src/main/AndroidManifest.xml reason: use-sdk injection requested
MERGED from [com.android.support:appcompat-v7:23.3.0] AndroidManifest.xml:21:5-23:78
MERGED from [com.android.support:support-vector-drawable:23.3.0] AndroidManifest.xml:5:5-43
MERGED from [com.android.support:support-v4:23.3.0] AndroidManifest.xml:20:5-43
MERGED from [com.android.support:animated-vector-drawable:23.3.0] AndroidManifest.xml:5:5-44
MERGED from [com.android.support:support-vector-drawable:23.3.0] AndroidManifest.xml:5:5-43
MERGED from [com.android.support:support-v4:23.3.0] AndroidManifest.xml:20:5-43
MERGED from [com.android.support:support-v4:23.3.0] AndroidManifest.xml:20:5-43
MERGED from [com.android.support:design:23.3.0] AndroidManifest.xml:20:5-43
MERGED from [com.android.support:appcompat-v7:23.3.0] AndroidManifest.xml:21:5-23:78
MERGED from [com.android.support:support-vector-drawable:23.3.0] AndroidManifest.xml:5:5-43
MERGED from [com.android.support:support-v4:23.3.0] AndroidManifest.xml:20:5-43
MERGED from [com.android.support:animated-vector-drawable:23.3.0] AndroidManifest.xml:5:5-44
MERGED from [com.android.support:support-vector-drawable:23.3.0] AndroidManifest.xml:5:5-43
MERGED from [com.android.support:support-v4:23.3.0] AndroidManifest.xml:20:5-43
MERGED from [com.android.support:support-v4:23.3.0] AndroidManifest.xml:20:5-43
MERGED from [com.android.support:support-v4:23.3.0] AndroidManifest.xml:20:5-43
MERGED from [com.android.support:recyclerview-v7:23.3.0] AndroidManifest.xml:20:5-43
MERGED from [com.android.support:support-v4:23.3.0] AndroidManifest.xml:20:5-43
MERGED from [com.android.support:support-v4:23.3.0] AndroidManifest.xml:20:5-43
MERGED from [org.altbeacon:android-beacon-library:2.8.1] AndroidManifest.xml:7:5-9:41
	tools:overrideLibrary
		ADDED from [com.android.support:appcompat-v7:23.3.0] AndroidManifest.xml:23:9-75
	android:targetSdkVersion
		INJECTED from src/main/AndroidManifest.xml
		INJECTED from src/main/AndroidManifest.xml
	android:minSdkVersion
		INJECTED from src/main/AndroidManifest.xml
		INJECTED from src/main/AndroidManifest.xml
uses-permission#android.permission.BLUETOOTH_ADMIN
ADDED from [org.altbeacon:android-beacon-library:2.8.1] AndroidManifest.xml:12:5-74
	android:name
		ADDED from [org.altbeacon:android-beacon-library:2.8.1] AndroidManifest.xml:12:22-71
uses-permission#android.permission.RECEIVE_BOOT_COMPLETED
ADDED from [org.altbeacon:android-beacon-library:2.8.1] AndroidManifest.xml:13:5-81
	android:name
		ADDED from [org.altbeacon:android-beacon-library:2.8.1] AndroidManifest.xml:13:22-78
uses-permission-sdk-23
ADDED from [org.altbeacon:android-beacon-library:2.8.1] AndroidManifest.xml:15:5-88
	android:name
		ADDED from [org.altbeacon:android-beacon-library:2.8.1] AndroidManifest.xml:15:29-85
receiver#org.altbeacon.beacon.startup.StartupBroadcastReceiver
ADDED from [org.altbeacon:android-beacon-library:2.8.1] AndroidManifest.xml:18:9-24:20
	android:name
		ADDED from [org.altbeacon:android-beacon-library:2.8.1] AndroidManifest.xml:18:19-87
intent-filter#android.intent.action.ACTION_POWER_CONNECTED+android.intent.action.ACTION_POWER_DISCONNECTED+android.intent.action.BOOT_COMPLETED
ADDED from [org.altbeacon:android-beacon-library:2.8.1] AndroidManifest.xml:19:13-23:29
action#android.intent.action.BOOT_COMPLETED
ADDED from [org.altbeacon:android-beacon-library:2.8.1] AndroidManifest.xml:20:17-79
	android:name
		ADDED from [org.altbeacon:android-beacon-library:2.8.1] AndroidManifest.xml:20:25-76
action#android.intent.action.ACTION_POWER_CONNECTED
ADDED from [org.altbeacon:android-beacon-library:2.8.1] AndroidManifest.xml:21:17-87
	android:name
		ADDED from [org.altbeacon:android-beacon-library:2.8.1] AndroidManifest.xml:21:25-84
action#android.intent.action.ACTION_POWER_DISCONNECTED
ADDED from [org.altbeacon:android-beacon-library:2.8.1] AndroidManifest.xml:22:17-90
	android:name
		ADDED from [org.altbeacon:android-beacon-library:2.8.1] AndroidManifest.xml:22:25-87
service#org.altbeacon.beacon.service.BeaconService
ADDED from [org.altbeacon:android-beacon-library:2.8.1] AndroidManifest.xml:26:9-31:38
	android:enabled
		ADDED from [org.altbeacon:android-beacon-library:2.8.1] AndroidManifest.xml:28:13-35
	android:label
		ADDED from [org.altbeacon:android-beacon-library:2.8.1] AndroidManifest.xml:31:13-35
	android:exported
		ADDED from [org.altbeacon:android-beacon-library:2.8.1] AndroidManifest.xml:29:13-37
	android:isolatedProcess
		ADDED from [org.altbeacon:android-beacon-library:2.8.1] AndroidManifest.xml:30:13-44
	android:name
		ADDED from [org.altbeacon:android-beacon-library:2.8.1] AndroidManifest.xml:27:13-70
service#org.altbeacon.beacon.BeaconIntentProcessor
ADDED from [org.altbeacon:android-beacon-library:2.8.1] AndroidManifest.xml:32:9-35:40
	android:enabled
		ADDED from [org.altbeacon:android-beacon-library:2.8.1] AndroidManifest.xml:34:13-35
	android:exported
		ADDED from [org.altbeacon:android-beacon-library:2.8.1] AndroidManifest.xml:35:13-37
	android:name
		ADDED from [org.altbeacon:android-beacon-library:2.8.1] AndroidManifest.xml:33:13-70